0 
-1.626402e+004 
0  
5.737824e+000 
0 
-7.632980e+000 
0 
-9.119096e-001 
0 
-3.744083e+000 
0 
-4.459459e+000 
0 
-8.161228e-001 
0 
2.154789e+000 
0 
1.161588e+001 
0 
4.845670e+000 
0 
-1.598470e+000 
0 
8.721009e+000 
0 
7.080523e-001 
0 
-7.316143e-001 
0 
1.239544e+001 
0 
8.622822e+000 
0 
6.563296e+000 
0 
6.749980e+000 
0 
-2.833743e+000 
0 
6.298901e+000 
0 
-1.166187e+001 
0 
-1.532245e+000 
0 
8.099797e+000 
0 
-2.768981e+000 
0 
7.227308e+000 
0 
-1.071841e+001 
0 
8.333752e-001 
0 
-1.142165e+001 
0 
-8.078395e+000 
0 
4.001639e+000 
0 
-2.856585e+000 
0 
6.172550e+000 
0 
1.957458e+000 
0 
-1.999176e+001 
0 
6.292816e+000 
0 
1.894012e+000 
0 
-9.120263e-001 
0 
1.607758e+000 
0 
2.881283e+000 
0 
-1.000240e+000 
0 
6.284754e+000 
0 
5.225427e+000 
0 
-7.616362e+000 
0 
1.012125e+001 
0 
-2.878529e+000 
0 
1.579247e-001 
0 
-8.650959e-001 
0 
1.235777e+001 
0 
1.855924e+000 
0 
-2.045597e+000 
0 
-9.351741e+000 
0 
-5.201248e+000 
0 
5.443560e+000 
0 
5.755736e+000 
0 
-2.176562e+000 
0 
-8.068750e+000 
0 
-5.173764e-001 
0 
-3.039896e+000 
0 
2.222603e+000 
0 
-9.217885e+000 
0 
2.575897e+000 
0 
-1.666628e+000 
0 
-6.868279e-001 
0 
8.538852e+000 
0 
-8.538852e+000 
0 
6.868279e-001 
0 
1.666628e+000 
0 
-2.575897e+000 
0 
9.217885e+000 
0 
-2.222603e+000 
0 
3.039896e+000 
0 
5.173764e-001 
0 
8.068750e+000 
0 
2.176562e+000 
0 
-5.755736e+000 
0 
-5.443560e+000 
0 
5.201248e+000 
0 
9.351741e+000 
0 
2.045597e+000 
0 
-1.855924e+000 
0 
-1.235777e+001 
0 
8.650959e-001 
0 
-1.579247e-001 
0 
2.878529e+000 
0 
-1.012125e+001 
0 
7.616362e+000 
0 
-5.225427e+000 
0 
-6.284754e+000 
0 
1.000240e+000 
0 
-2.881283e+000 
0 
-1.607758e+000 
0 
9.120263e-001 
0 
-1.894012e+000 
0 
-6.292816e+000 
0 
1.999176e+001 
0 
-1.957458e+000 
0 
-6.172550e+000 
0 
2.856585e+000 
0 
-4.001639e+000 
0 
8.078395e+000 
0 
1.142165e+001 
0 
-8.333752e-001 
0 
1.071841e+001 
0 
-7.227308e+000 
0 
2.768981e+000 
0 
-8.099797e+000 
0 
1.532245e+000 
0 
1.166187e+001 
0 
-6.298901e+000 
0 
2.833743e+000 
0 
-6.749980e+000 
0 
-6.563296e+000 
0 
-8.622822e+000 
0 
-1.239544e+001 
0 
7.316143e-001 
0 
-7.080523e-001 
0 
-8.721009e+000 
0 
1.598470e+000 
0 
-4.845670e+000 
0 
-1.161588e+001 
0 
-2.154789e+000 
0 
8.161228e-001 
0 
4.459459e+000 
0 
3.744083e+000 
0 
9.119096e-001 
0 
7.632980e+000 
0 
5.737824e+000 
0 
1.626402e+004 
----以下是实部--- 
0 
-5.684342e-014 
0 
-2.758904e-014 
0 
3.130829e-014 
0 
1.532108e-014 
0 
6.661338e-016 
0 
-1.443290e-015 
0 
-8.326673e-015 
0 
-8.915091e-014 
0 
1.065814e-013 
0 
2.864375e-014 
0 
-2.253753e-014 
0 
-1.243450e-014 
0 
-1.598721e-014 
0 
-3.019807e-014 
0 
3.375078e-014 
0 
1.008083e-013 
0 
-6.217249e-014 
0 
5.551115e-015 
0 
-1.398881e-014 
0 
-5.884182e-015 
0 
1.143530e-014 
0 
2.486900e-014 
0 
-1.687539e-014 
0 
1.942890e-014 
0 
-6.150636e-014 
0 
-3.197442e-014 
0 
3.280709e-014 
0 
1.643130e-014 
0 
6.994405e-015 
0 
1.121325e-014 
0 
-1.976197e-014 
0 
-7.673029e-014 
0 
7.673029e-014 
0 
1.976197e-014 
0 
-1.121325e-014 
0 
-6.994405e-015 
0 
-1.643130e-014 
0 
-3.280709e-014 
0 
3.197442e-014 
0 
6.150636e-014 
0 
-1.942890e-014 
0 
1.687539e-014 
0 
-2.486900e-014 
0 
-1.143530e-014 
0 
5.884182e-015 
0 
1.398881e-014 
0 
-5.551115e-015 
0 
6.217249e-014 
0 
-1.008083e-013 
0 
-3.375078e-014 
0 
3.019807e-014 
0 
1.598721e-014 
0 
1.243450e-014 
0 
2.253753e-014 
0 
-2.864375e-014 
0 
-1.065814e-013 
0 
8.915091e-014 
0 
8.326673e-015 
0 
1.443290e-015 
0 
-6.661338e-016 
0 
-1.532108e-014 
0 
-3.130829e-014 
0 
2.758904e-014 
0 
5.684342e-014 
0 
5.684342e-014 
0 
2.758904e-014 
0 
-3.130829e-014 
0 
-1.532108e-014 
0 
-6.661338e-016 
0 
1.443290e-015 
0 
8.326673e-015 
0 
8.915091e-014 
0 
-1.065814e-013 
0 
-2.864375e-014 
0 
2.253753e-014 
0 
1.243450e-014 
0 
1.598721e-014 
0 
3.019807e-014 
0 
-3.375078e-014 
0 
-1.008083e-013 
0 
6.217249e-014 
0 
-5.551115e-015 
0 
1.398881e-014 
0 
5.884182e-015 
0 
-1.143530e-014 
0 
-2.486900e-014 
0 
1.687539e-014 
0 
-1.942890e-014 
0 
6.150636e-014 
0 
3.197442e-014 
0 
-3.280709e-014 
0 
-1.643130e-014 
0 
-6.994405e-015 
0 
-1.121325e-014 
0 
1.976197e-014 
0 
7.673029e-014 
0 
-7.673029e-014 
0 
-1.976197e-014 
0 
1.121325e-014 
0 
6.994405e-015 
0 
1.643130e-014 
0 
3.280709e-014 
0 
-3.197442e-014 
0 
-6.150636e-014 
0 
1.942890e-014 
0 
-1.687539e-014 
0 
2.486900e-014 
0 
1.143530e-014 
0 
-5.884182e-015 
0 
-1.398881e-014 
0 
5.551115e-015 
0 
-6.217249e-014 
0 
1.008083e-013 
0 
3.375078e-014 
0 
-3.019807e-014 
0 
-1.598721e-014 
0 
-1.243450e-014 
0 
-2.253753e-014 
0 
2.864375e-014 
0 
1.065814e-013 
0 
-8.915091e-014 
0 
-8.326673e-015 
0 
-1.443290e-015 
0 
6.661338e-016 
0 
1.532108e-014 
0 
3.130829e-014 
0 
-2.758904e-014 
0 
-5.684342e-014 
